[    32.033] (--) Log file renamed from "/home/manch/.local/share/xorg/Xorg.pid-2000.log" to "/home/manch/.local/share/xorg/Xorg.0.log"
[    32.034] 
X.Org X Server 1.20.13
X Protocol Version 11, Revision 0
[    32.034] Build Operating System: linux Ubuntu
[    32.034] Current Operating System: Linux MyLinux 5.15.0-75-generic #82~20.04.1-Ubuntu SMP Wed Jun 7 19:37:37 UTC 2023 x86_64
[    32.034] Kernel command line: BOOT_IMAGE=/boot/vmlinuz-5.15.0-75-generic root=UUID=f109d14c-c9b0-4135-8ef5-0afe4a5bcfa4 ro quiet splash
[    32.034] Build Date: 29 March 2023  12:53:02PM
[    32.034] xorg-server 2:1.20.13-1ubuntu1~20.04.8 (For technical support please see http://www.ubuntu.com/support) 
[    32.034] Current version of pixman: 0.38.4
[    32.034] 	Before reporting problems, check http://wiki.x.org
	to make sure that you have the latest version.
[    32.034] Markers: (--) probed, (**) from config file, (==) default setting,
	(++) from command line, (!!) notice, (II) informational,
	(WW) warning, (EE) error, (NI) not implemented, (??) unknown.
[    32.034] (==) Log file: "/home/manch/.local/share/xorg/Xorg.0.log", Time: Mon Jun 26 19:10:06 2023
[    32.036] (==) Using system config directory "/usr/share/X11/xorg.conf.d"
[    32.040] (==) No Layout section.  Using the first Screen section.
[    32.040] (==) No screen section available. Using defaults.
[    32.040] (**) |-->Screen "Default Screen Section" (0)
[    32.040] (**) |   |-->Monitor "<default monitor>"
[    32.042] (==) No monitor specified for screen "Default Screen Section".
	Using a default monitor configuration.
[    32.042] (==) Automatically adding devices
[    32.042] (==) Automatically enabling devices
[    32.042] (==) Automatically adding GPU devices
[    32.042] (==) Automatically binding GPU devices
[    32.042] (==) Max clients allowed: 256, resource mask: 0x1fffff
[    32.042] (WW) The directory "/usr/share/fonts/X11/cyrillic" does not exist.
[    32.042] 	Entry deleted from font path.
[    32.042] (WW) The directory "/usr/share/fonts/X11/100dpi/" does not exist.
[    32.042] 	Entry deleted from font path.
[    32.042] (WW) The directory "/usr/share/fonts/X11/75dpi/" does not exist.
[    32.042] 	Entry deleted from font path.
[    32.042] (WW) The directory "/usr/share/fonts/X11/100dpi" does not exist.
[    32.042] 	Entry deleted from font path.
[    32.042] (WW) The directory "/usr/share/fonts/X11/75dpi" does not exist.
[    32.042] 	Entry deleted from font path.
[    32.042] (==) FontPath set to:
	/usr/share/fonts/X11/misc,
	/usr/share/fonts/X11/Type1,
	built-ins
[    32.042] (==) ModulePath set to "/usr/lib/xorg/modules"
[    32.042] (II) The server relies on udev to provide the list of input devices.
	If no devices become available, reconfigure udev or disable AutoAddDevices.
[    32.042] (II) Loader magic: 0x563bc4bc9020
[    32.042] (II) Module ABI versions:
[    32.042] 	X.Org ANSI C Emulation: 0.4
[    32.042] 	X.Org Video Driver: 24.1
[    32.042] 	X.Org XInput driver : 24.1
[    32.042] 	X.Org Server Extension : 10.0
[    32.046] (++) using VT number 2

[    32.065] (II) systemd-logind: took control of session /org/freedesktop/login1/session/_32
[    32.066] (II) xfree86: Adding drm device (/dev/dri/card0)
[    32.070] (II) systemd-logind: got fd for /dev/dri/card0 226:0 fd 12 paused 0
[    32.072] (--) PCI:*(0@0:2:0) 15ad:0405:15ad:0405 rev 0, Mem @ 0xe0000000/16777216, 0xf0000000/2097152, I/O @ 0x0000d010/16, BIOS @ 0x????????/131072
[    32.072] (II) LoadModule: "glx"
[    32.081] (II) Loading /usr/lib/xorg/modules/extensions/libglx.so
[    32.088] (II) Module glx: vendor="X.Org Foundation"
[    32.088] 	compiled for 1.20.13, module version = 1.0.0
[    32.088] 	ABI class: X.Org Server Extension, version 10.0
[    32.088] (==) Matched vmware as autoconfigured driver 0
[    32.088] (==) Matched modesetting as autoconfigured driver 1
[    32.088] (==) Matched fbdev as autoconfigured driver 2
[    32.088] (==) Matched vesa as autoconfigured driver 3
[    32.088] (==) Assigned the driver to the xf86ConfigLayout
[    32.088] (II) LoadModule: "vmware"
[    32.088] (II) Loading /usr/lib/xorg/modules/drivers/vmware_drv.so
[    32.390] (II) Module vmware: vendor="X.Org Foundation"
[    32.390] 	compiled for 1.20.8, module version = 13.3.0
[    32.390] 	Module class: X.Org Video Driver
[    32.390] 	ABI class: X.Org Video Driver, version 24.1
[    32.390] (II) LoadModule: "modesetting"
[    32.390] (II) Loading /usr/lib/xorg/modules/drivers/modesetting_drv.so
[    32.397] (II) Module modesetting: vendor="X.Org Foundation"
[    32.397] 	compiled for 1.20.13, module version = 1.20.13
[    32.397] 	Module class: X.Org Video Driver
[    32.397] 	ABI class: X.Org Video Driver, version 24.1
[    32.397] (II) LoadModule: "fbdev"
[    32.397] (II) Loading /usr/lib/xorg/modules/drivers/fbdev_drv.so
[    32.399] (II) Module fbdev: vendor="X.Org Foundation"
[    32.399] 	compiled for 1.20.1, module version = 0.5.0
[    32.399] 	Module class: X.Org Video Driver
[    32.399] 	ABI class: X.Org Video Driver, version 24.0
[    32.399] (II) LoadModule: "vesa"
[    32.399] (II) Loading /usr/lib/xorg/modules/drivers/vesa_drv.so
[    32.401] (II) Module vesa: vendor="X.Org Foundation"
[    32.401] 	compiled for 1.20.4, module version = 2.4.0
[    32.401] 	Module class: X.Org Video Driver
[    32.401] 	ABI class: X.Org Video Driver, version 24.0
[    32.401] (II) vmware: driver for VMware SVGA: vmware0405, vmware0710
[    32.401] (II) modesetting: Driver for Modesetting Kernel Drivers: kms
[    32.401] (II) FBDEV: driver for framebuffer: fbdev
[    32.401] (II) VESA: driver for VESA chipsets: vesa
[    32.401] xf86EnableIOPorts: failed to set IOPL for I/O (Operation not permitted)
[    32.401] (WW) Falling back to old probe method for modesetting
[    32.401] (WW) Falling back to old probe method for fbdev
[    32.401] (II) Loading sub module "fbdevhw"
[    32.401] (II) LoadModule: "fbdevhw"
[    32.401] (II) Loading /usr/lib/xorg/modules/libfbdevhw.so
[    32.403] (II) Module fbdevhw: vendor="X.Org Foundation"
[    32.403] 	compiled for 1.20.13, module version = 0.0.2
[    32.403] 	ABI class: X.Org Video Driver, version 24.1
[    32.403] (EE) open /dev/fb0: Permission denied
[    32.403] (WW) VGA arbiter: cannot open kernel arbiter, no multi-card support
[    32.403] (II) vmware(0): Creating default Display subsection in Screen section
	"Default Screen Section" for depth/fbbpp 24/32
[    32.403] (--) vmware(0): DRM driver version is 2.19.0
[    32.403] (==) vmware(0): Depth 24, (--) framebuffer bpp 32
[    32.403] (==) vmware(0): RGB weight 888
[    32.403] (==) vmware(0): Default visual is TrueColor
[    32.403] (--) vmware(0): Min width 1, Max Width 8192.
[    32.403] (--) vmware(0): Min height 1, Max Height 8192.
[    32.403] (II) vmware(0): Output Virtual1 has no monitor section
[    32.403] (II) vmware(0): Output Virtual2 has no monitor section
[    32.404] (II) vmware(0): Output Virtual3 has no monitor section
[    32.404] (II) vmware(0): Output Virtual4 has no monitor section
[    32.404] (II) vmware(0): Output Virtual5 has no monitor section
[    32.404] (II) vmware(0): Output Virtual6 has no monitor section
[    32.404] (II) vmware(0): Output Virtual7 has no monitor section
[    32.404] (II) vmware(0): Output Virtual8 has no monitor section
[    32.404] (II) vmware(0): Printing probed modes for output Virtual1
[    32.404] (II) vmware(0): Modeline "958x960"x60.0   73.79  958 1008 1058 1108  960 1010 1060 1110 -hsync +vsync (66.6 kHz eP)
[    32.404] (II) vmware(0): Modeline "2560x1600"x60.0  348.50  2560 2752 3032 3504  1600 1603 1609 1658 -hsync +vsync (99.5 kHz e)
[    32.404] (II) vmware(0): Modeline "2560x1440"x60.0  241.50  2560 2608 2640 2720  1440 1443 1448 1481 +hsync -vsync (88.8 kHz e)
[    32.404] (II) vmware(0): Modeline "1920x1440"x60.0  234.00  1920 2048 2256 2600  1440 1441 1444 1500 -hsync +vsync (90.0 kHz e)
[    32.404] (II) vmware(0): Modeline "1856x1392"x60.0  218.25  1856 1952 2176 2528  1392 1393 1396 1439 -hsync +vsync (86.3 kHz e)
[    32.404] (II) vmware(0): Modeline "1792x1344"x60.0  204.75  1792 1920 2120 2448  1344 1345 1348 1394 -hsync +vsync (83.6 kHz e)
[    32.404] (II) vmware(0): Modeline "1920x1200"x59.9  193.25  1920 2056 2256 2592  1200 1203 1209 1245 -hsync +vsync (74.6 kHz e)
[    32.404] (II) vmware(0): Modeline "1920x1080"x60.0  173.00  1920 2048 2248 2576  1080 1083 1088 1120 -hsync +vsync (67.2 kHz e)
[    32.404] (II) vmware(0): Modeline "1600x1200"x60.0  162.00  1600 1664 1856 2160  1200 1201 1204 1250 +hsync +vsync (75.0 kHz e)
[    32.404] (II) vmware(0): Modeline "1680x1050"x60.0  146.25  1680 1784 1960 2240  1050 1053 1059 1089 -hsync +vsync (65.3 kHz e)
[    32.404] (II) vmware(0): Modeline "1400x1050"x60.0  121.75  1400 1488 1632 1864  1050 1053 1057 1089 -hsync +vsync (65.3 kHz e)
[    32.404] (II) vmware(0): Modeline "1280x1024"x60.0  108.00  1280 1328 1440 1688  1024 1025 1028 1066 +hsync +vsync (64.0 kHz e)
[    32.404] (II) vmware(0): Modeline "1440x900"x59.9  106.50  1440 1520 1672 1904  900 903 909 934 -hsync +vsync (55.9 kHz e)
[    32.404] (II) vmware(0): Modeline "1280x960"x60.0  108.00  1280 1376 1488 1800  960 961 964 1000 +hsync +vsync (60.0 kHz e)
[    32.404] (II) vmware(0): Modeline "1360x768"x60.0   85.50  1360 1424 1536 1792  768 771 777 795 +hsync +vsync (47.7 kHz e)
[    32.404] (II) vmware(0): Modeline "1280x800"x59.8   83.50  1280 1352 1480 1680  800 803 809 831 +hsync -vsync (49.7 kHz e)
[    32.404] (II) vmware(0): Modeline "1152x864"x75.0  108.00  1152 1216 1344 1600  864 865 868 900 +hsync +vsync (67.5 kHz e)
[    32.404] (II) vmware(0): Modeline "1280x768"x59.9   79.50  1280 1344 1472 1664  768 771 778 798 -hsync +vsync (47.8 kHz e)
[    32.404] (II) vmware(0): Modeline "1280x720"x59.9   74.50  1280 1344 1472 1664  720 723 728 748 -hsync +vsync (44.8 kHz e)
[    32.404] (II) vmware(0): Modeline "1024x768"x60.0   65.00  1024 1048 1184 1344  768 771 777 806 -hsync -vsync (48.4 kHz e)
[    32.404] (II) vmware(0): Modeline "800x600"x60.3   40.00  800 840 968 1056  600 601 605 628 +hsync +vsync (37.9 kHz e)
[    32.404] (II) vmware(0): Modeline "640x480"x59.9   25.18  640 656 752 800  480 489 492 525 -hsync -vsync (31.5 kHz e)
[    32.404] (II) vmware(0): EDID for output Virtual2
[    32.404] (II) vmware(0): EDID for output Virtual3
[    32.404] (II) vmware(0): EDID for output Virtual4
[    32.404] (II) vmware(0): EDID for output Virtual5
[    32.404] (II) vmware(0): EDID for output Virtual6
[    32.404] (II) vmware(0): EDID for output Virtual7
[    32.404] (II) vmware(0): EDID for output Virtual8
[    32.404] (II) vmware(0): Output Virtual1 connected
[    32.404] (II) vmware(0): Output Virtual2 disconnected
[    32.404] (II) vmware(0): Output Virtual3 disconnected
[    32.404] (II) vmware(0): Output Virtual4 disconnected
[    32.404] (II) vmware(0): Output Virtual5 disconnected
[    32.404] (II) vmware(0): Output Virtual6 disconnected
[    32.404] (II) vmware(0): Output Virtual7 disconnected
[    32.404] (II) vmware(0): Output Virtual8 disconnected
[    32.404] (II) vmware(0): Using exact sizes for initial modes
[    32.404] (II) vmware(0): Output Virtual1 using initial mode 958x960 +0+0
[    32.404] (==) vmware(0): DPI set to (96, 96)
[    32.404] (==) vmware(0): Using gamma correction (1.0, 1.0, 1.0)
[    32.404] (II) Loading sub module "fb"
[    32.404] (II) LoadModule: "fb"
[    32.404] (II) Loading /usr/lib/xorg/modules/libfb.so
[    32.409] (II) Module fb: vendor="X.Org Foundation"
[    32.409] 	compiled for 1.20.13, module version = 1.0.0
[    32.409] 	ABI class: X.Org ANSI C Emulation, version 0.4
[    32.409] (II) Loading sub module "dri2"
[    32.409] (II) LoadModule: "dri2"
[    32.409] (II) Module "dri2" already built-in
[    32.409] (II) Loading sub module "dri3"
[    32.409] (II) LoadModule: "dri3"
[    32.409] (II) Module "dri3" already built-in
[    32.409] (II) UnloadModule: "modesetting"
[    32.409] (II) Unloading modesetting
[    32.409] (II) UnloadModule: "fbdev"
[    32.409] (II) Unloading fbdev
[    32.409] (II) UnloadSubModule: "fbdevhw"
[    32.409] (II) Unloading fbdevhw
[    32.409] (II) UnloadModule: "vesa"
[    32.409] (II) Unloading vesa
[    32.412] (II) vmware(0): Initialized VMWARE_CTRL extension version 0.2
[    32.421] (WW) vmware(0): Failed to initialize Gallium3D Xa. No render acceleration available.
[    32.421] (WW) vmware(0): Skipped initialization of direct rendering due to lack of render acceleration.
[    32.421] (--) vmware(0): Render acceleration is disabled.
[    32.421] (==) vmware(0): Rendercheck mode is disabled.
[    32.421] (--) vmware(0): Direct rendering (DRI2 3D) is disabled.
[    32.421] (--) vmware(0): Direct rendering (DRI3 3D) is disabled.
[    32.421] (==) vmware(0): Backing store enabled
[    32.421] (==) vmware(0): Silken mouse enabled
[    32.426] (==) vmware(0): DPMS enabled
[    32.426] (II) vmware(0): No 3D acceleration. Not setting up textured video.
[    32.426] (WW) vmware(0): Disabling Xv because no adaptors could be initialized.
[    32.426] (II) Initializing extension Generic Event Extension
[    32.426] (II) Initializing extension SHAPE
[    32.426] (II) Initializing extension MIT-SHM
[    32.426] (II) Initializing extension XInputExtension
[    32.428] (II) Initializing extension XTEST
[    32.428] (II) Initializing extension BIG-REQUESTS
[    32.429] (II) Initializing extension SYNC
[    32.429] (II) Initializing extension XKEYBOARD
[    32.429] (II) Initializing extension XC-MISC
[    32.429] (II) Initializing extension SECURITY
[    32.429] (II) Initializing extension XFIXES
[    32.429] (II) Initializing extension RENDER
[    32.429] (II) Initializing extension RANDR
[    32.429] (II) Initializing extension COMPOSITE
[    32.430] (II) Initializing extension DAMAGE
[    32.430] (II) Initializing extension MIT-SCREEN-SAVER
[    32.430] (II) Initializing extension DOUBLE-BUFFER
[    32.430] (II) Initializing extension RECORD
[    32.430] (II) Initializing extension DPMS
[    32.430] (II) Initializing extension Present
[    32.430] (II) Initializing extension DRI3
[    32.430] (II) Initializing extension X-Resource
[    32.430] (II) Initializing extension XVideo
[    32.430] (II) Initializing extension XVideo-MotionCompensation
[    32.430] (II) Initializing extension SELinux
[    32.430] (II) SELinux: Disabled on system
[    32.430] (II) Initializing extension GLX
[    32.430] (II) AIGLX: Screen 0 is not DRI2 capable
[    32.442] (II) IGLX: Loaded and initialized swrast
[    32.442] (II) GLX: Initialized DRISWRAST GL provider for screen 0
[    32.442] (II) Initializing extension XFree86-VidModeExtension
[    32.442] (II) Initializing extension XFree86-DGA
[    32.442] (II) Initializing extension XFree86-DRI
[    32.446] (II) Initializing extension DRI2
[    32.480] (II) vmware(0): Setting screen physical size to 253 x 254
[    32.553] (II) config/udev: Adding input device Power Button (/dev/input/event0)
[    32.554] (**) Power Button: Applying InputClass "libinput keyboard catchall"
[    32.554] (II) LoadModule: "libinput"
[    32.554] (II) Loading /usr/lib/xorg/modules/input/libinput_drv.so
[    32.564] (II) Module libinput: vendor="X.Org Foundation"
[    32.564] 	compiled for 1.20.4, module version = 0.29.0
[    32.564] 	Module class: X.Org XInput Driver
[    32.564] 	ABI class: X.Org XInput driver, version 24.1
[    32.564] (II) Using input driver 'libinput' for 'Power Button'
[    32.567] (II) systemd-logind: got fd for /dev/input/event0 13:64 fd 20 paused 0
[    32.567] (**) Power Button: always reports core events
[    32.567] (**) Option "Device" "/dev/input/event0"
[    32.568] (**) Option "_source" "server/udev"
[    32.571] (II) event0  - Power Button: is tagged by udev as: Keyboard
[    32.571] (II) event0  - Power Button: device is a keyboard
[    32.571] (II) event0  - Power Button: device removed
[    32.571] (**) Option "config_info" "udev:/sys/devices/LNXSYSTM:00/LNXPWRBN:00/input/input0/event0"
[    32.571] (II) XINPUT: Adding extended input device "Power Button" (type: KEYBOARD, id 6)
[    32.571] (**) Option "xkb_model" "pc105"
[    32.571] (**) Option "xkb_layout" "us"
[    32.578] (II) event0  - Power Button: is tagged by udev as: Keyboard
[    32.578] (II) event0  - Power Button: device is a keyboard
[    32.579] (II) config/udev: Adding input device Sleep Button (/dev/input/event1)
[    32.579] (**) Sleep Button: Applying InputClass "libinput keyboard catchall"
[    32.579] (II) Using input driver 'libinput' for 'Sleep Button'
[    32.581] (II) systemd-logind: got fd for /dev/input/event1 13:65 fd 23 paused 0
[    32.581] (**) Sleep Button: always reports core events
[    32.581] (**) Option "Device" "/dev/input/event1"
[    32.581] (**) Option "_source" "server/udev"
[    32.588] (II) event1  - Sleep Button: is tagged by udev as: Keyboard
[    32.588] (II) event1  - Sleep Button: device is a keyboard
[    32.588] (II) event1  - Sleep Button: device removed
[    32.589] (**) Option "config_info" "udev:/sys/devices/LNXSYSTM:00/LNXSLPBN:00/input/input1/event1"
[    32.589] (II) XINPUT: Adding extended input device "Sleep Button" (type: KEYBOARD, id 7)
[    32.589] (**) Option "xkb_model" "pc105"
[    32.589] (**) Option "xkb_layout" "us"
[    32.590] (II) event1  - Sleep Button: is tagged by udev as: Keyboard
[    32.590] (II) event1  - Sleep Button: device is a keyboard
[    32.591] (II) config/udev: Adding input device Video Bus (/dev/input/event3)
[    32.591] (**) Video Bus: Applying InputClass "libinput keyboard catchall"
[    32.591] (II) Using input driver 'libinput' for 'Video Bus'
[    32.593] (II) systemd-logind: got fd for /dev/input/event3 13:67 fd 24 paused 0
[    32.593] (**) Video Bus: always reports core events
[    32.593] (**) Option "Device" "/dev/input/event3"
[    32.593] (**) Option "_source" "server/udev"
[    32.594] (II) event3  - Video Bus: is tagged by udev as: Keyboard
[    32.594] (II) event3  - Video Bus: device is a keyboard
[    32.594] (II) event3  - Video Bus: device removed
[    32.594] (**) Option "config_info" "udev:/sys/devices/LNXSYSTM:00/LNXSYBUS:00/PNP0A03:00/LNXVIDEO:00/input/input4/event3"
[    32.594] (II) XINPUT: Adding extended input device "Video Bus" (type: KEYBOARD, id 8)
[    32.594] (**) Option "xkb_model" "pc105"
[    32.594] (**) Option "xkb_layout" "us"
[    32.595] (II) event3  - Video Bus: is tagged by udev as: Keyboard
[    32.595] (II) event3  - Video Bus: device is a keyboard
[    32.595] (II) config/udev: Adding input device VirtualBox mouse integration (/dev/input/event6)
[    32.595] (**) VirtualBox mouse integration: Applying InputClass "libinput pointer catchall"
[    32.595] (II) Using input driver 'libinput' for 'VirtualBox mouse integration'
[    32.598] (II) systemd-logind: got fd for /dev/input/event6 13:70 fd 25 paused 0
[    32.598] (**) VirtualBox mouse integration: always reports core events
[    32.598] (**) Option "Device" "/dev/input/event6"
[    32.598] (**) Option "_source" "server/udev"
[    32.598] (II) event6  - VirtualBox mouse integration: is tagged by udev as: Mouse
[    32.599] (II) event6  - VirtualBox mouse integration: device is a pointer
[    32.599] (II) event6  - VirtualBox mouse integration: device removed
[    32.599] (**) Option "config_info" "udev:/sys/devices/pci0000:00/0000:00:04.0/input/input7/event6"
[    32.599] (II) XINPUT: Adding extended input device "VirtualBox mouse integration" (type: MOUSE, id 9)
[    32.599] (**) Option "AccelerationScheme" "none"
[    32.599] (**) VirtualBox mouse integration: (accel) selected scheme none/0
[    32.599] (**) VirtualBox mouse integration: (accel) acceleration factor: 2.000
[    32.599] (**) VirtualBox mouse integration: (accel) acceleration threshold: 4
[    32.599] (II) event6  - VirtualBox mouse integration: is tagged by udev as: Mouse
[    32.599] (II) event6  - VirtualBox mouse integration: device is a pointer
[    32.600] (II) config/udev: Adding input device VirtualBox mouse integration (/dev/input/js1)
[    32.600] (II) No input driver specified, ignoring this device.
[    32.600] (II) This device may have been added with another device file.
[    32.600] (II) config/udev: Adding input device VirtualBox mouse integration (/dev/input/mouse2)
[    32.600] (II) No input driver specified, ignoring this device.
[    32.600] (II) This device may have been added with another device file.
[    32.600] (II) config/udev: Adding input device VirtualBox USB Tablet (/dev/input/event4)
[    32.601] (**) VirtualBox USB Tablet: Applying InputClass "libinput pointer catchall"
[    32.601] (II) Using input driver 'libinput' for 'VirtualBox USB Tablet'
[    32.669] (II) systemd-logind: got fd for /dev/input/event4 13:68 fd 26 paused 0
[    32.669] (**) VirtualBox USB Tablet: always reports core events
[    32.669] (**) Option "Device" "/dev/input/event4"
[    32.669] (**) Option "_source" "server/udev"
[    32.671] (II) event4  - VirtualBox USB Tablet: is tagged by udev as: Mouse
[    32.671] (II) event4  - VirtualBox USB Tablet: device is a pointer
[    32.671] (II) event4  - VirtualBox USB Tablet: device removed
[    32.671] (**) Option "config_info" "udev:/sys/devices/pci0000:00/0000:00:06.0/usb2/2-1/2-1:1.0/0003:80EE:0021.0001/input/input6/event4"
[    32.671] (II) XINPUT: Adding extended input device "VirtualBox USB Tablet" (type: MOUSE, id 10)
[    32.671] (**) Option "AccelerationScheme" "none"
[    32.671] (**) VirtualBox USB Tablet: (accel) selected scheme none/0
[    32.671] (**) VirtualBox USB Tablet: (accel) acceleration factor: 2.000
[    32.671] (**) VirtualBox USB Tablet: (accel) acceleration threshold: 4
[    32.672] (II) event4  - VirtualBox USB Tablet: is tagged by udev as: Mouse
[    32.672] (II) event4  - VirtualBox USB Tablet: device is a pointer
[    32.673] (II) config/udev: Adding input device VirtualBox USB Tablet (/dev/input/js0)
[    32.673] (II) No input driver specified, ignoring this device.
[    32.673] (II) This device may have been added with another device file.
[    32.674] (II) config/udev: Adding input device VirtualBox USB Tablet (/dev/input/mouse0)
[    32.674] (II) No input driver specified, ignoring this device.
[    32.674] (II) This device may have been added with another device file.
[    32.674] (II) config/udev: Adding input device AT Translated Set 2 keyboard (/dev/input/event2)
[    32.674] (**) AT Translated Set 2 keyboard: Applying InputClass "libinput keyboard catchall"
[    32.674] (II) Using input driver 'libinput' for 'AT Translated Set 2 keyboard'
[    32.682] (II) systemd-logind: got fd for /dev/input/event2 13:66 fd 27 paused 0
[    32.682] (**) AT Translated Set 2 keyboard: always reports core events
[    32.682] (**) Option "Device" "/dev/input/event2"
[    32.682] (**) Option "_source" "server/udev"
[    32.685] (II) event2  - AT Translated Set 2 keyboard: is tagged by udev as: Keyboard
[    32.685] (II) event2  - AT Translated Set 2 keyboard: device is a keyboard
[    32.686] (II) event2  - AT Translated Set 2 keyboard: device removed
[    32.686] (**) Option "config_info" "udev:/sys/devices/platform/i8042/serio0/input/input2/event2"
[    32.686] (II) XINPUT: Adding extended input device "AT Translated Set 2 keyboard" (type: KEYBOARD, id 11)
[    32.686] (**) Option "xkb_model" "pc105"
[    32.686] (**) Option "xkb_layout" "us"
[    32.687] (II) event2  - AT Translated Set 2 keyboard: is tagged by udev as: Keyboard
[    32.687] (II) event2  - AT Translated Set 2 keyboard: device is a keyboard
[    32.687] (II) config/udev: Adding input device ImExPS/2 Generic Explorer Mouse (/dev/input/event5)
[    32.687] (**) ImExPS/2 Generic Explorer Mouse: Applying InputClass "libinput pointer catchall"
[    32.687] (II) Using input driver 'libinput' for 'ImExPS/2 Generic Explorer Mouse'
[    32.694] (II) systemd-logind: got fd for /dev/input/event5 13:69 fd 28 paused 0
[    32.694] (**) ImExPS/2 Generic Explorer Mouse: always reports core events
[    32.694] (**) Option "Device" "/dev/input/event5"
[    32.694] (**) Option "_source" "server/udev"
[    32.695] (II) event5  - ImExPS/2 Generic Explorer Mouse: is tagged by udev as: Mouse
[    32.695] (II) event5  - ImExPS/2 Generic Explorer Mouse: device is a pointer
[    32.695] (II) event5  - ImExPS/2 Generic Explorer Mouse: device removed
[    32.702] (**) Option "config_info" "udev:/sys/devices/platform/i8042/serio1/input/input5/event5"
[    32.702] (II) XINPUT: Adding extended input device "ImExPS/2 Generic Explorer Mouse" (type: MOUSE, id 12)
[    32.702] (**) Option "AccelerationScheme" "none"
[    32.702] (**) ImExPS/2 Generic Explorer Mouse: (accel) selected scheme none/0
[    32.702] (**) ImExPS/2 Generic Explorer Mouse: (accel) acceleration factor: 2.000
[    32.702] (**) ImExPS/2 Generic Explorer Mouse: (accel) acceleration threshold: 4
[    32.710] (II) event5  - ImExPS/2 Generic Explorer Mouse: is tagged by udev as: Mouse
[    32.710] (II) event5  - ImExPS/2 Generic Explorer Mouse: device is a pointer
[    32.710] (II) config/udev: Adding input device ImExPS/2 Generic Explorer Mouse (/dev/input/mouse1)
[    32.710] (II) No input driver specified, ignoring this device.
[    32.710] (II) This device may have been added with another device file.
[   119.242] (!!) vmware(0): New layout.
[   119.248] (!!) vmware(0): 0: 0 0 1920 969
[   119.249] (!!) vmware(0): 
[   119.402] (EE) No surface to present from.
[   320.368] (!!) vmware(0): New layout.
[   320.368] (!!) vmware(0): 0: 0 0 958 960
[   320.368] (!!) vmware(0): 
